2022-11-22 21:39:44,532 INFO    StreamThr :55348 [internal.py:wandb_internal():88] W&B internal server running at pid: 55348, started at: 2022-11-22 21:39:44.532171
2022-11-22 21:39:44,535 DEBUG   HandlerThread:55348 [handler.py:handle_request():139] handle_request: status
2022-11-22 21:39:44,537 DEBUG   SenderThread:55348 [sender.py:send_request():317] send_request: status
2022-11-22 21:39:44,539 DEBUG   SenderThread:55348 [sender.py:send():303] send: header
2022-11-22 21:39:44,539 DEBUG   SenderThread:55348 [sender.py:send():303] send: run
2022-11-22 21:39:44,544 INFO    WriterThread:55348 [datastore.py:open_for_write():75] open: /home/rp/DeepLearning/yolov7-main/wandb/run-20221122_213944-8gimc7id/run-8gimc7id.wandb
2022-11-22 21:39:44,559 INFO    SenderThread:55348 [sender.py:_maybe_setup_resume():593] checking resume status for None/YOLOR/8gimc7id
2022-11-22 21:39:49,387 DEBUG   HandlerThread:55348 [handler.py:handle_request():139] handle_request: check_version
2022-11-22 21:39:49,388 INFO    SenderThread:55348 [dir_watcher.py:__init__():216] watching files in: /home/rp/DeepLearning/yolov7-main/wandb/run-20221122_213944-8gimc7id/files
2022-11-22 21:39:49,389 INFO    SenderThread:55348 [sender.py:_start_run_threads():928] run started: 8gimc7id with start time 1669124384.528594
2022-11-22 21:39:49,389 DEBUG   SenderThread:55348 [sender.py:send():303] send: summary
2022-11-22 21:39:49,389 INFO    SenderThread:55348 [sender.py:_save_file():1171] saving file wandb-summary.json with policy end
2022-11-22 21:39:49,389 DEBUG   SenderThread:55348 [sender.py:send_request():317] send_request: check_version
2022-11-22 21:39:50,392 INFO    Thread-17 :55348 [dir_watcher.py:_on_file_created():275] file/dir created: /home/rp/DeepLearning/yolov7-main/wandb/run-20221122_213944-8gimc7id/files/wandb-summary.json
2022-11-22 21:39:54,392 DEBUG   HandlerThread:55348 [handler.py:handle_request():139] handle_request: run_start
2022-11-22 21:39:54,394 DEBUG   HandlerThread:55348 [system_info.py:__init__():31] System info init
2022-11-22 21:39:54,394 DEBUG   HandlerThread:55348 [system_info.py:__init__():46] System info init done
2022-11-22 21:39:54,395 INFO    HandlerThread:55348 [system_monitor.py:start():150] Starting system monitor
2022-11-22 21:39:54,395 INFO    SystemMonitor:55348 [system_monitor.py:_start():116] Starting system asset monitoring threads
2022-11-22 21:39:54,396 INFO    SystemMonitor:55348 [interfaces.py:start():168] Started cpu
2022-11-22 21:39:54,396 INFO    SystemMonitor:55348 [interfaces.py:start():168] Started disk
2022-11-22 21:39:54,397 INFO    HandlerThread:55348 [system_monitor.py:probe():168] Collecting system info
2022-11-22 21:39:54,398 INFO    SystemMonitor:55348 [interfaces.py:start():168] Started gpu
2022-11-22 21:39:54,399 INFO    SystemMonitor:55348 [interfaces.py:start():168] Started memory
2022-11-22 21:39:54,399 INFO    SystemMonitor:55348 [interfaces.py:start():168] Started network
2022-11-22 21:39:54,422 DEBUG   HandlerThread:55348 [system_info.py:probe():195] Probing system
2022-11-22 21:39:54,426 DEBUG   HandlerThread:55348 [git.py:repo():40] git repository is invalid
2022-11-22 21:39:54,426 DEBUG   HandlerThread:55348 [system_info.py:probe():241] Probing system done
2022-11-22 21:39:54,426 DEBUG   HandlerThread:55348 [system_monitor.py:probe():177] {'os': 'Linux-5.15.0-53-generic-x86_64-with-glibc2.17', 'python': '3.8.13', 'heartbeatAt': '2022-11-22T13:39:54.422891', 'startedAt': '2022-11-22T13:39:44.521375', 'docker': None, 'cuda': None, 'args': (), 'state': 'running', 'program': '/home/rp/DeepLearning/yolov7-main/train.py', 'codePath': 'train.py', 'host': 'rp', 'username': 'rp', 'executable': '/home/rp/Softwares/anaconda3/envs/dyh/bin/python', 'cpu_count': 8, 'cpu_count_logical': 16, 'cpu_freq': {'current': 3121.52325, 'min': 800.0, 'max': 4800.0}, 'cpu_freq_per_core': [{'current': 2900.0, 'min': 800.0, 'max': 4800.0}, {'current': 2900.0, 'min': 800.0, 'max': 4800.0}, {'current': 2900.0, 'min': 800.0, 'max': 4800.0}, {'current': 2900.0, 'min': 800.0, 'max': 4800.0}, {'current': 4667.866, 'min': 800.0, 'max': 4800.0}, {'current': 4676.506, 'min': 800.0, 'max': 4800.0}, {'current': 2900.0, 'min': 800.0, 'max': 4800.0}, {'current': 2900.0, 'min': 800.0, 'max': 4800.0}, {'current': 2900.0, 'min': 800.0, 'max': 4800.0}, {'current': 2900.0, 'min': 800.0, 'max': 4800.0}, {'current': 2900.0, 'min': 800.0, 'max': 4800.0}, {'current': 2900.0, 'min': 800.0, 'max': 4800.0}, {'current': 2900.0, 'min': 800.0, 'max': 4800.0}, {'current': 2900.0, 'min': 800.0, 'max': 4800.0}, {'current': 2900.0, 'min': 800.0, 'max': 4800.0}, {'current': 2900.0, 'min': 800.0, 'max': 4800.0}], 'disk': {'total': 937.3305015563965, 'used': 300.90238189697266}, 'gpu': 'NVIDIA GeForce RTX 3080', 'gpu_count': 1, 'gpu_devices': [{'name': 'NVIDIA GeForce RTX 3080', 'memory_total': 10497294336}], 'memory': {'total': 31.272598266601562}}
2022-11-22 21:39:54,426 INFO    HandlerThread:55348 [system_monitor.py:probe():178] Finished collecting system info
2022-11-22 21:39:54,426 INFO    HandlerThread:55348 [system_monitor.py:probe():181] Publishing system info
2022-11-22 21:39:54,426 DEBUG   HandlerThread:55348 [system_info.py:_save_pip():51] Saving list of pip packages installed into the current environment
2022-11-22 21:39:54,428 DEBUG   HandlerThread:55348 [system_info.py:_save_pip():67] Saving pip packages done
2022-11-22 21:39:54,428 DEBUG   HandlerThread:55348 [system_info.py:_save_conda():74] Saving list of conda packages installed into the current environment
2022-11-22 21:39:55,394 INFO    Thread-17 :55348 [dir_watcher.py:_on_file_created():275] file/dir created: /home/rp/DeepLearning/yolov7-main/wandb/run-20221122_213944-8gimc7id/files/conda-environment.yaml
2022-11-22 21:39:55,394 INFO    Thread-17 :55348 [dir_watcher.py:_on_file_created():275] file/dir created: /home/rp/DeepLearning/yolov7-main/wandb/run-20221122_213944-8gimc7id/files/requirements.txt
2022-11-22 21:39:57,003 DEBUG   HandlerThread:55348 [system_info.py:_save_conda():86] Saving conda packages done
2022-11-22 21:39:57,010 INFO    HandlerThread:55348 [system_monitor.py:probe():183] Finished publishing system info
2022-11-22 21:39:57,047 DEBUG   SenderThread:55348 [sender.py:send():303] send: files
2022-11-22 21:39:57,047 INFO    SenderThread:55348 [sender.py:_save_file():1171] saving file wandb-metadata.json with policy now
2022-11-22 21:39:57,058 DEBUG   HandlerThread:55348 [handler.py:handle_request():139] handle_request: stop_status
2022-11-22 21:39:57,059 DEBUG   SenderThread:55348 [sender.py:send_request():317] send_request: stop_status
2022-11-22 21:39:57,394 INFO    Thread-17 :55348 [dir_watcher.py:_on_file_modified():292] file/dir modified: /home/rp/DeepLearning/yolov7-main/wandb/run-20221122_213944-8gimc7id/files/conda-environment.yaml
2022-11-22 21:39:57,395 INFO    Thread-17 :55348 [dir_watcher.py:_on_file_created():275] file/dir created: /home/rp/DeepLearning/yolov7-main/wandb/run-20221122_213944-8gimc7id/files/wandb-metadata.json
2022-11-22 21:39:58,769 DEBUG   HandlerThread:55348 [handler.py:handle_request():139] handle_request: poll_exit
2022-11-22 21:40:03,773 DEBUG   HandlerThread:55348 [handler.py:handle_request():139] handle_request: keepalive
2022-11-22 21:40:04,764 DEBUG   SenderThread:55348 [sender.py:send():303] send: telemetry
2022-11-22 21:40:04,764 DEBUG   SenderThread:55348 [sender.py:send():303] send: telemetry
2022-11-22 21:40:04,764 DEBUG   SenderThread:55348 [sender.py:send():303] send: config
2022-11-22 21:40:04,764 DEBUG   SenderThread:55348 [sender.py:send():303] send: config
2022-11-22 21:40:04,768 DEBUG   SenderThread:55348 [sender.py:send():303] send: exit
2022-11-22 21:40:04,768 INFO    SenderThread:55348 [sender.py:send_exit():442] handling exit code: 0
2022-11-22 21:40:04,769 INFO    SenderThread:55348 [sender.py:send_exit():444] handling runtime: 3
2022-11-22 21:40:04,774 INFO    SenderThread:55348 [sender.py:_save_file():1171] saving file wandb-summary.json with policy end
2022-11-22 21:40:04,774 INFO    SenderThread:55348 [sender.py:send_exit():450] send defer
2022-11-22 21:40:04,774 DEBUG   SenderThread:55348 [sender.py:send_request():317] send_request: poll_exit
2022-11-22 21:40:04,775 DEBUG   HandlerThread:55348 [handler.py:handle_request():139] handle_request: defer
2022-11-22 21:40:04,775 INFO    HandlerThread:55348 [handler.py:handle_request_defer():162] handle defer: 0
2022-11-22 21:40:04,775 DEBUG   SenderThread:55348 [sender.py:send_request():317] send_request: defer
2022-11-22 21:40:04,775 INFO    SenderThread:55348 [sender.py:send_request_defer():459] handle sender defer: 0
2022-11-22 21:40:04,775 INFO    SenderThread:55348 [sender.py:transition_state():463] send defer: 1
2022-11-22 21:40:04,776 DEBUG   HandlerThread:55348 [handler.py:handle_request():139] handle_request: defer
2022-11-22 21:40:04,776 INFO    HandlerThread:55348 [handler.py:handle_request_defer():162] handle defer: 1
2022-11-22 21:40:04,776 INFO    HandlerThread:55348 [system_monitor.py:finish():160] Stopping system monitor
2022-11-22 21:40:04,776 DEBUG   SystemMonitor:55348 [system_monitor.py:_start():130] Starting system metrics aggregation loop
2022-11-22 21:40:04,776 DEBUG   SystemMonitor:55348 [system_monitor.py:_start():137] Finished system metrics aggregation loop
2022-11-22 21:40:04,777 DEBUG   SystemMonitor:55348 [system_monitor.py:_start():141] Publishing last batch of metrics
2022-11-22 21:40:04,778 INFO    HandlerThread:55348 [interfaces.py:finish():173] Joined cpu
2022-11-22 21:40:04,778 INFO    HandlerThread:55348 [interfaces.py:finish():173] Joined disk
2022-11-22 21:40:04,824 INFO    HandlerThread:55348 [interfaces.py:finish():173] Joined gpu
2022-11-22 21:40:04,824 INFO    HandlerThread:55348 [interfaces.py:finish():173] Joined memory
2022-11-22 21:40:04,825 INFO    HandlerThread:55348 [interfaces.py:finish():173] Joined network
2022-11-22 21:40:04,825 DEBUG   SenderThread:55348 [sender.py:send_request():317] send_request: defer
2022-11-22 21:40:04,825 INFO    SenderThread:55348 [sender.py:send_request_defer():459] handle sender defer: 1
2022-11-22 21:40:04,825 INFO    SenderThread:55348 [sender.py:transition_state():463] send defer: 2
2022-11-22 21:40:04,825 DEBUG   SenderThread:55348 [sender.py:send():303] send: stats
2022-11-22 21:40:04,826 DEBUG   HandlerThread:55348 [handler.py:handle_request():139] handle_request: defer
2022-11-22 21:40:04,826 INFO    HandlerThread:55348 [handler.py:handle_request_defer():162] handle defer: 2
2022-11-22 21:40:04,826 DEBUG   SenderThread:55348 [sender.py:send_request():317] send_request: defer
2022-11-22 21:40:04,826 INFO    SenderThread:55348 [sender.py:send_request_defer():459] handle sender defer: 2
2022-11-22 21:40:04,826 INFO    SenderThread:55348 [sender.py:transition_state():463] send defer: 3
2022-11-22 21:40:04,826 DEBUG   HandlerThread:55348 [handler.py:handle_request():139] handle_request: defer
2022-11-22 21:40:04,827 INFO    HandlerThread:55348 [handler.py:handle_request_defer():162] handle defer: 3
2022-11-22 21:40:04,827 DEBUG   SenderThread:55348 [sender.py:send_request():317] send_request: defer
2022-11-22 21:40:04,827 INFO    SenderThread:55348 [sender.py:send_request_defer():459] handle sender defer: 3
2022-11-22 21:40:04,827 INFO    SenderThread:55348 [sender.py:transition_state():463] send defer: 4
2022-11-22 21:40:04,827 DEBUG   HandlerThread:55348 [handler.py:handle_request():139] handle_request: defer
2022-11-22 21:40:04,827 INFO    HandlerThread:55348 [handler.py:handle_request_defer():162] handle defer: 4
2022-11-22 21:40:04,827 DEBUG   SenderThread:55348 [sender.py:send():303] send: summary
2022-11-22 21:40:04,828 INFO    SenderThread:55348 [sender.py:_save_file():1171] saving file wandb-summary.json with policy end
2022-11-22 21:40:04,828 DEBUG   SenderThread:55348 [sender.py:send_request():317] send_request: defer
2022-11-22 21:40:04,828 INFO    SenderThread:55348 [sender.py:send_request_defer():459] handle sender defer: 4
2022-11-22 21:40:04,828 INFO    SenderThread:55348 [sender.py:transition_state():463] send defer: 5
2022-11-22 21:40:04,828 DEBUG   HandlerThread:55348 [handler.py:handle_request():139] handle_request: defer
2022-11-22 21:40:04,828 INFO    HandlerThread:55348 [handler.py:handle_request_defer():162] handle defer: 5
2022-11-22 21:40:04,829 DEBUG   SenderThread:55348 [sender.py:send_request():317] send_request: defer
2022-11-22 21:40:04,829 INFO    SenderThread:55348 [sender.py:send_request_defer():459] handle sender defer: 5
2022-11-22 21:40:05,406 INFO    Thread-17 :55348 [dir_watcher.py:_on_file_modified():292] file/dir modified: /home/rp/DeepLearning/yolov7-main/wandb/run-20221122_213944-8gimc7id/files/wandb-summary.json
2022-11-22 21:40:05,406 INFO    Thread-17 :55348 [dir_watcher.py:_on_file_created():275] file/dir created: /home/rp/DeepLearning/yolov7-main/wandb/run-20221122_213944-8gimc7id/files/output.log
2022-11-22 21:40:07,408 INFO    Thread-17 :55348 [dir_watcher.py:_on_file_modified():292] file/dir modified: /home/rp/DeepLearning/yolov7-main/wandb/run-20221122_213944-8gimc7id/files/output.log
2022-11-22 21:40:09,561 WARNING StreamThr :55348 [internal.py:is_dead():385] Internal process exiting, parent pid 55260 disappeared
2022-11-22 21:40:09,562 ERROR   StreamThr :55348 [internal.py:wandb_internal():147] Internal process shutdown.
2022-11-22 21:40:09,844 INFO    WriterThread:55348 [datastore.py:close():279] close: /home/rp/DeepLearning/yolov7-main/wandb/run-20221122_213944-8gimc7id/run-8gimc7id.wandb
2022-11-22 21:40:09,859 INFO    HandlerThread:55348 [handler.py:finish():814] shutting down handler
2022-11-22 21:40:37,749 ERROR   Thread-20 :55348 [retry.py:__call__():154] Retry attempt failed:
Traceback (most recent call last):
  File "/home/rp/Softwares/anaconda3/envs/dyh/lib/python3.8/site-packages/urllib3/connection.py", line 174, in _new_conn
    conn = connection.create_connection(
  File "/home/rp/Softwares/anaconda3/envs/dyh/lib/python3.8/site-packages/urllib3/util/connection.py", line 95, in create_connection
    raise err
  File "/home/rp/Softwares/anaconda3/envs/dyh/lib/python3.8/site-packages/urllib3/util/connection.py", line 85, in create_connection
    sock.connect(sa)
socket.timeout: timed out

During handling of the above exception, another exception occurred:

Traceback (most recent call last):
  File "/home/rp/Softwares/anaconda3/envs/dyh/lib/python3.8/site-packages/urllib3/connectionpool.py", line 703, in urlopen
    httplib_response = self._make_request(
  File "/home/rp/Softwares/anaconda3/envs/dyh/lib/python3.8/site-packages/urllib3/connectionpool.py", line 386, in _make_request
    self._validate_conn(conn)
  File "/home/rp/Softwares/anaconda3/envs/dyh/lib/python3.8/site-packages/urllib3/connectionpool.py", line 1042, in _validate_conn
    conn.connect()
  File "/home/rp/Softwares/anaconda3/envs/dyh/lib/python3.8/site-packages/urllib3/connection.py", line 358, in connect
    self.sock = conn = self._new_conn()
  File "/home/rp/Softwares/anaconda3/envs/dyh/lib/python3.8/site-packages/urllib3/connection.py", line 179, in _new_conn
    raise ConnectTimeoutError(
urllib3.exceptions.ConnectTimeoutError: (<urllib3.connection.HTTPSConnection object at 0x7fe4f802b490>, 'Connection to api.wandb.ai timed out. (connect timeout=10)')

During handling of the above exception, another exception occurred:

Traceback (most recent call last):
  File "/home/rp/Softwares/anaconda3/envs/dyh/lib/python3.8/site-packages/requests/adapters.py", line 489, in send
    resp = conn.urlopen(
  File "/home/rp/Softwares/anaconda3/envs/dyh/lib/python3.8/site-packages/urllib3/connectionpool.py", line 787, in urlopen
    retries = retries.increment(
  File "/home/rp/Softwares/anaconda3/envs/dyh/lib/python3.8/site-packages/urllib3/util/retry.py", line 592, in increment
    raise MaxRetryError(_pool, url, error or ResponseError(cause))
urllib3.exceptions.MaxRetryError: HTTPSConnectionPool(host='api.wandb.ai', port=443): Max retries exceeded with url: /graphql (Caused by ConnectTimeoutError(<urllib3.connection.HTTPSConnection object at 0x7fe4f802b490>, 'Connection to api.wandb.ai timed out. (connect timeout=10)'))

During handling of the above exception, another exception occurred:

Traceback (most recent call last):
  File "/home/rp/Softwares/anaconda3/envs/dyh/lib/python3.8/site-packages/wandb/sdk/lib/retry.py", line 113, in __call__
    result = self._call_fn(*args, **kwargs)
  File "/home/rp/Softwares/anaconda3/envs/dyh/lib/python3.8/site-packages/wandb/sdk/internal/internal_api.py", line 210, in execute
    return self.client.execute(*args, **kwargs)  # type: ignore
  File "/home/rp/Softwares/anaconda3/envs/dyh/lib/python3.8/site-packages/wandb/vendor/gql-0.2.0/wandb_gql/client.py", line 52, in execute
    result = self._get_result(document, *args, **kwargs)
  File "/home/rp/Softwares/anaconda3/envs/dyh/lib/python3.8/site-packages/wandb/vendor/gql-0.2.0/wandb_gql/client.py", line 60, in _get_result
    return self.transport.execute(document, *args, **kwargs)
  File "/home/rp/Softwares/anaconda3/envs/dyh/lib/python3.8/site-packages/wandb/vendor/gql-0.2.0/wandb_gql/transport/requests.py", line 38, in execute
    request = requests.post(self.url, **post_args)
  File "/home/rp/Softwares/anaconda3/envs/dyh/lib/python3.8/site-packages/requests/api.py", line 115, in post
    return request("post", url, data=data, json=json, **kwargs)
  File "/home/rp/Softwares/anaconda3/envs/dyh/lib/python3.8/site-packages/requests/api.py", line 59, in request
    return session.request(method=method, url=url, **kwargs)
  File "/home/rp/Softwares/anaconda3/envs/dyh/lib/python3.8/site-packages/requests/sessions.py", line 587, in request
    resp = self.send(prep, **send_kwargs)
  File "/home/rp/Softwares/anaconda3/envs/dyh/lib/python3.8/site-packages/requests/sessions.py", line 701, in send
    r = adapter.send(request, **kwargs)
  File "/home/rp/Softwares/anaconda3/envs/dyh/lib/python3.8/site-packages/requests/adapters.py", line 553, in send
    raise ConnectTimeout(e, request=request)
requests.exceptions.ConnectTimeout: HTTPSConnectionPool(host='api.wandb.ai', port=443): Max retries exceeded with url: /graphql (Caused by ConnectTimeoutError(<urllib3.connection.HTTPSConnection object at 0x7fe4f802b490>, 'Connection to api.wandb.ai timed out. (connect timeout=10)'))
2022-11-22 21:42:07,286 WARNING FileStreamThread:55348 [file_stream.py:request_with_retry():667] requests_with_retry encountered retryable exception: ('Connection aborted.', ConnectionResetError(104, 'Connection reset by peer')). func: <bound method Session.post of <requests.sessions.Session object at 0x7fe4f828afd0>>, args: ('https://api.wandb.ai/files/broalantaps/YOLOR/8gimc7id/file_stream',), kwargs: {'json': {'files': {'wandb-summary.json': {'offset': 0, 'content': ['{"_wandb": {"runtime": 3}}']}, 'wandb-events.jsonl': {'offset': 0, 'content': ['{"system.cpu": 2.19, "system.cpu.0.cpu_percent": 8.12, "system.cpu.1.cpu_percent": 10.1, "system.cpu.2.cpu_percent": 8.68, "system.cpu.3.cpu_percent": 9.4, "system.cpu.4.cpu_percent": 17.82, "system.cpu.5.cpu_percent": 6.25, "system.cpu.6.cpu_percent": 17.57, "system.cpu.7.cpu_percent": 1.65, "system.cpu.8.cpu_percent": 3.85, "system.cpu.9.cpu_percent": 3.9, "system.cpu.10.cpu_percent": 1.45, "system.cpu.11.cpu_percent": 5.53, "system.cpu.12.cpu_percent": 8.67, "system.cpu.13.cpu_percent": 5.47, "system.cpu.14.cpu_percent": 11.38, "system.cpu.15.cpu_percent": 9.78, "system.proc.cpu.threads": 19, "system.disk": 33.8, "system.proc.memory.availableMB": 5074.49, "system.memory": 84.15, "system.proc.memory.rssMB": 1920.66, "system.proc.memory.percent": 6.0, "system.network.sent": 68513.33, "system.network.recv": 87514.33, "_wandb": true, "_timestamp": 1669124404.777367, "_runtime": 20.248773}']}, 'output.log': {'offset': 0, 'content': ['ERROR 2022-11-22T13:40:06.850072                  from  n    params  module                                  arguments\n', 'ERROR 2022-11-22T13:40:06.850072   0                -1  1       928  models.common.Conv                      [3, 32, 3, 1]\n', 'ERROR 2022-11-22T13:40:06.850072   1                -1  1     18560  models.common.Conv                      [32, 64, 3, 2]\n', 'ERROR 2022-11-22T13:40:06.850072   2                -1  1     36992  models.common.Conv                      [64, 64, 3, 1]\n', 'ERROR 2022-11-22T13:40:06.850072   3                -1  1     73984  models.common.Conv                      [64, 128, 3, 2]\n', 'ERROR 2022-11-22T13:40:06.850072   4                -1  1      8320  models.common.Conv                      [128, 64, 1, 1]\n', 'ERROR 2022-11-22T13:40:06.850072   5                -2  1      8320  models.common.Conv                      [128, 64, 1, 1]\n', 'ERROR 2022-11-22T13:40:06.850072   6                -1  1     36992  models.common.Conv                      [64, 64, 3, 1]\n', 'ERROR 2022-11-22T13:40:06.850072   7                -1  1     36992  models.common.Conv                      [64, 64, 3, 1]\n', 'ERROR 2022-11-22T13:40:06.850072   8                -1  1     36992  models.common.Conv                      [64, 64, 3, 1]\n', 'ERROR 2022-11-22T13:40:06.850072   9                -1  1     36992  models.common.Conv                      [64, 64, 3, 1]\n', 'ERROR 2022-11-22T13:40:06.850072  10  [-1, -3, -5, -6]  1         0  models.common.Concat                    [1]\n', 'ERROR 2022-11-22T13:40:06.850072  11                -1  1     66048  models.common.Conv                      [256, 256, 1, 1]\n', 'ERROR 2022-11-22T13:40:06.850072  12                -1  1         0  models.common.MP                        []\n', 'ERROR 2022-11-22T13:40:06.850072  13                -1  1     33024  models.common.Conv                      [256, 128, 1, 1]\n', 'ERROR 2022-11-22T13:40:06.850072  14                -3  1     33024  models.common.Conv                      [256, 128, 1, 1]\n', 'ERROR 2022-11-22T13:40:06.850072  15                -1  1    147712  models.common.Conv                      [128, 128, 3, 2]\n', 'ERROR 2022-11-22T13:40:06.850072  16          [-1, -3]  1         0  models.common.Concat                    [1]\n', 'ERROR 2022-11-22T13:40:06.850072  17                -1  1     33024  models.common.Conv                      [256, 128, 1, 1]\n', 'ERROR 2022-11-22T13:40:06.850072  18                -2  1     33024  models.common.Conv                      [256, 128, 1, 1]\n', 'ERROR 2022-11-22T13:40:06.850072  19                -1  1    147712  models.common.Conv                      [128, 128, 3, 1]\n', 'ERROR 2022-11-22T13:40:06.850072  20                -1  1    147712  models.common.Conv                      [128, 128, 3, 1]\n', 'ERROR 2022-11-22T13:40:06.850072  21                -1  1    147712  models.common.Conv                      [128, 128, 3, 1]\n', 'ERROR 2022-11-22T13:40:06.850072  22                -1  1    147712  models.common.Conv                      [128, 128, 3, 1]\n', 'ERROR 2022-11-22T13:40:06.850072  23  [-1, -3, -5, -6]  1         0  models.common.Concat                    [1]\n', 'ERROR 2022-11-22T13:40:06.850072  24                -1  1    263168  models.common.Conv                      [512, 512, 1, 1]\n', 'ERROR 2022-11-22T13:40:06.850072  25                -1  1         0  models.common.MP                        []\n', 'ERROR 2022-11-22T13:40:06.850072  26                -1  1    131584  models.common.Conv                      [512, 256, 1, 1]\n', 'ERROR 2022-11-22T13:40:06.850072  27                -3  1    131584  models.common.Conv                      [512, 256, 1, 1]\n', 'ERROR 2022-11-22T13:40:06.850072  28                -1  1    590336  models.common.Conv                      [256, 256, 3, 2]\n', 'ERROR 2022-11-22T13:40:06.850072  29          [-1, -3]  1         0  models.common.Concat                    [1]\n', 'ERROR 2022-11-22T13:40:06.850072  30                -1  1    131584  models.common.Conv                      [512, 256, 1, 1]\n', 'ERROR 2022-11-22T13:40:06.850072  31                -2  1    131584  models.common.Conv                      [512, 256, 1, 1]\n', 'ERROR 2022-11-22T13:40:06.850072  32                -1  1    590336  models.common.Conv                      [256, 256, 3, 1]\n', 'ERROR 2022-11-22T13:40:06.850072  33                -1  1    590336  models.common.Conv                      [256, 256, 3, 1]\n', 'ERROR 2022-11-22T13:40:06.850072  34                -1  1    590336  models.common.Conv                      [256, 256, 3, 1]\n', 'ERROR 2022-11-22T13:40:06.850072  35                -1  1    590336  models.common.Conv                      [256, 256, 3, 1]\n', 'ERROR 2022-11-22T13:40:06.850072  36  [-1, -3, -5, -6]  1         0  models.common.Concat                    [1]\n', 'ERROR 2022-11-22T13:40:06.850072  37                -1  1   1050624  models.common.Conv                      [1024, 1024, 1, 1]\n', 'ERROR 2022-11-22T13:40:06.850072  38                -1  1         0  models.common.MP                        []\n', 'ERROR 2022-11-22T13:40:06.850072  39                -1  1    525312  models.common.Conv                      [1024, 512, 1, 1]\n', 'ERROR 2022-11-22T13:40:06.850072  40                -3  1    525312  models.common.Conv                      [1024, 512, 1, 1]\n', 'ERROR 2022-11-22T13:40:06.850072  41                -1  1   2360320  models.common.Conv                      [512, 512, 3, 2]\n', 'ERROR 2022-11-22T13:40:06.850072  42          [-1, -3]  1         0  models.common.Concat                    [1]\n', 'ERROR 2022-11-22T13:40:06.850072  43                -1  1    262656  models.common.Conv                      [1024, 256, 1, 1]\n', 'ERROR 2022-11-22T13:40:06.850072  44                -2  1    262656  models.common.Conv                      [1024, 256, 1, 1]\n', 'ERROR 2022-11-22T13:40:06.850072  45                -1  1    590336  models.common.Conv                      [256, 256, 3, 1]\n', 'ERROR 2022-11-22T13:40:06.850072  46                -1  1    590336  models.common.Conv                      [256, 256, 3, 1]\n', 'ERROR 2022-11-22T13:40:06.850072  47                -1  1    590336  models.common.Conv                      [256, 256, 3, 1]\n', 'ERROR 2022-11-22T13:40:06.850072  48                -1  1    590336  models.common.Conv                      [256, 256, 3, 1]\n', 'ERROR 2022-11-22T13:40:06.850072  49  [-1, -3, -5, -6]  1         0  models.common.Concat                    [1]\n', 'ERROR 2022-11-22T13:40:06.850072  50                -1  1   1050624  models.common.Conv                      [1024, 1024, 1, 1]\n', 'ERROR 2022-11-22T13:40:06.850072  51                -1  1   7609344  models.common.SPPCSPC                   [1024, 512, 1]\n', 'ERROR 2022-11-22T13:40:06.850072  52                -1  1    131584  models.common.Conv                      [512, 256, 1, 1]\n', "ERROR 2022-11-22T13:40:06.850072  53                -1  1         0  torch.nn.modules.upsampling.Upsample    [None, 2, 'nearest']\n", 'ERROR 2022-11-22T13:40:06.850072  54                37  1    262656  models.common.Conv                      [1024, 256, 1, 1]\n', 'ERROR 2022-11-22T13:40:06.850072  55          [-1, -2]  1         0  models.common.Concat                    [1]\n', 'ERROR 2022-11-22T13:40:06.850072  56                -1  1    131584  models.common.Conv                      [512, 256, 1, 1]\n', 'ERROR 2022-11-22T13:40:06.850072  57                -2  1    131584  models.common.Conv                      [512, 256, 1, 1]\n', 'ERROR 2022-11-22T13:40:06.850072  58                -1  1    295168  models.common.Conv                      [256, 128, 3, 1]\n', 'ERROR 2022-11-22T13:40:06.850072  59                -1  1    147712  models.common.Conv                      [128, 128, 3, 1]\n', 'ERROR 2022-11-22T13:40:06.850072  60                -1  1    147712  models.common.Conv                      [128, 128, 3, 1]\n', 'ERROR 2022-11-22T13:40:06.850072  61                -1  1    147712  models.common.Conv                      [128, 128, 3, 1]\n', 'ERROR 2022-11-22T13:40:06.850072  62[-1, -2, -3, -4, -5, -6]  1         0  models.common.Concat                    [1]\n', 'ERROR 2022-11-22T13:40:06.850072  63                -1  1    262656  models.common.Conv                      [1024, 256, 1, 1]\n', 'ERROR 2022-11-22T13:40:06.850072  64                -1  1     33024  models.common.Conv                      [256, 128, 1, 1]\n', "ERROR 2022-11-22T13:40:06.850072  65                -1  1         0  torch.nn.modules.upsampling.Upsample    [None, 2, 'nearest']\n", 'ERROR 2022-11-22T13:40:06.850072  66                24  1     65792  models.common.Conv                      [512, 128, 1, 1]\n', 'ERROR 2022-11-22T13:40:06.850072  67          [-1, -2]  1         0  models.common.Concat                    [1]\n', 'ERROR 2022-11-22T13:40:06.850072  68                -1  1     33024  models.common.Conv                      [256, 128, 1, 1]\n', 'ERROR 2022-11-22T13:40:06.850072  69                -2  1     33024  models.common.Conv                      [256, 128, 1, 1]\n', 'ERROR 2022-11-22T13:40:06.850072  70                -1  1     73856  models.common.Conv                      [128, 64, 3, 1]\n', 'ERROR 2022-11-22T13:40:06.850072  71                -1  1     36992  models.common.Conv                      [64, 64, 3, 1]\n', 'ERROR 2022-11-22T13:40:06.850072  72                -1  1     36992  models.common.Conv                      [64, 64, 3, 1]\n', 'ERROR 2022-11-22T13:40:06.850072  73                -1  1     36992  models.common.Conv                      [64, 64, 3, 1]\n', 'ERROR 2022-11-22T13:40:06.850072  74[-1, -2, -3, -4, -5, -6]  1         0  models.common.Concat                    [1]\n', 'ERROR 2022-11-22T13:40:06.850072  75                -1  1     65792  models.common.Conv                      [512, 128, 1, 1]\n', 'ERROR 2022-11-22T13:40:06.850072  76                -1  1         0  models.common.MP                        []\n', 'ERROR 2022-11-22T13:40:06.850072  77                -1  1     16640  models.common.Conv                      [128, 128, 1, 1]\n', 'ERROR 2022-11-22T13:40:06.850072  78                -3  1     16640  models.common.Conv                      [128, 128, 1, 1]\n', 'ERROR 2022-11-22T13:40:06.850072  79                -1  1    147712  models.common.Conv                      [128, 128, 3, 2]\n', 'ERROR 2022-11-22T13:40:06.850072  80      [-1, -3, 63]  1         0  models.common.Concat                    [1]\n', 'ERROR 2022-11-22T13:40:06.850072  81                -1  1    131584  models.common.Conv                      [512, 256, 1, 1]\n', 'ERROR 2022-11-22T13:40:06.850072  82                -2  1    131584  models.common.Conv                      [512, 256, 1, 1]\n', 'ERROR 2022-11-22T13:40:06.850072  83                -1  1    295168  models.common.Conv                      [256, 128, 3, 1]\n', 'ERROR 2022-11-22T13:40:06.850072  84                -1  1    147712  models.common.Conv                      [128, 128, 3, 1]\n', 'ERROR 2022-11-22T13:40:06.850072  85                -1  1    147712  models.common.Conv                      [128, 128, 3, 1]\n', 'ERROR 2022-11-22T13:40:06.850072  86                -1  1    147712  models.common.Conv                      [128, 128, 3, 1]\n', 'ERROR 2022-11-22T13:40:06.850072  87[-1, -2, -3, -4, -5, -6]  1         0  models.common.Concat                    [1]\n', 'ERROR 2022-11-22T13:40:06.850072  88                -1  1    262656  models.common.Conv                      [1024, 256, 1, 1]\n', 'ERROR 2022-11-22T13:40:06.850072  89                -1  1         0  models.common.MP                        []\n', 'ERROR 2022-11-22T13:40:06.850072  90                -1  1     66048  models.common.Conv                      [256, 256, 1, 1]\n', 'ERROR 2022-11-22T13:40:06.850072  91                -3  1     66048  models.common.Conv                      [256, 256, 1, 1]\n', 'ERROR 2022-11-22T13:40:06.850072  92                -1  1    590336  models.common.Conv                      [256, 256, 3, 2]\n', 'ERROR 2022-11-22T13:40:06.850072  93      [-1, -3, 51]  1         0  models.common.Concat                    [1]\n', 'ERROR 2022-11-22T13:40:06.850072  94                -1  1    525312  models.common.Conv                      [1024, 512, 1, 1]\n', 'ERROR 2022-11-22T13:40:06.850072  95                -2  1    525312  models.common.Conv                      [1024, 512, 1, 1]\n', 'ERROR 2022-11-22T13:40:06.850072  96                -1  1   1180160  models.common.Conv                      [512, 256, 3, 1]\n', 'ERROR 2022-11-22T13:40:06.850072  97                -1  1    590336  models.common.Conv                      [256, 256, 3, 1]\n', 'ERROR 2022-11-22T13:40:06.850072  98                -1  1    590336  models.common.Conv                      [256, 256, 3, 1]\n', 'ERROR 2022-11-22T13:40:06.850072  99                -1  1    590336  models.common.Conv                      [256, 256, 3, 1]\n', 'ERROR 2022-11-22T13:40:06.850072 100[-1, -2, -3, -4, -5, -6]  1         0  models.common.Concat                    [1]\n', 'ERROR 2022-11-22T13:40:06.850072 101                -1  1   1049600  models.common.Conv                      [2048, 512, 1, 1]\n', 'ERROR 2022-11-22T13:40:06.850072 102                75  1    328704  models.common.RepConv                   [128, 256, 3, 1]\n', 'ERROR 2022-11-22T13:40:06.850072 103                88  1   1312768  models.common.RepConv                   [256, 512, 3, 1]\n', 'ERROR 2022-11-22T13:40:06.850072 104               101  1   5246976  models.common.RepConv                   [512, 1024, 3, 1]\n', 'ERROR 2022-11-22T13:40:06.850072 105   [102, 103, 104]  1    479265  models.yolo.Detect                      [80, [[12, 16, 19, 36, 40, 28], [36, 75, 76, 55, 72, 146], [142, 110, 192, 243, 459, 401]], [256, 512, 1024]]\n', 'ERROR 2022-11-22T13:40:06.850072 /home/rp/Softwares/anaconda3/envs/dyh/lib/python3.8/site-packages/torch/functional.py:504: UserWarning: torch.meshgrid: in an upcoming release, it will be required to pass the indexing argument. (Triggered internally at /opt/conda/conda-bld/pytorch_1666642975312/work/aten/src/ATen/native/TensorShape.cpp:3190.)\n', 'ERROR 2022-11-22T13:40:06.850072   return _VF.meshgrid(tensors, **kwargs)  # type: ignore[attr-defined]\n', 'ERROR 2022-11-22T13:40:06.850072 Model Summary: 407 layers, 37641665 parameters, 37641665 gradients, 106.5 GFLOPS\n', 'ERROR 2022-11-22T13:40:06.850072 Traceback (most recent call last):\n', 'ERROR 2022-11-22T13:40:06.850072   File "/home/rp/Softwares/anaconda3/envs/dyh/lib/python3.8/site-packages/torch/nn/modules/module.py", line 662, in _apply\n', 'ERROR 2022-11-22T13:40:06.850072     param_applied = fn(param)\n', 'ERROR 2022-11-22T13:40:06.850072   File "/home/rp/Softwares/anaconda3/envs/dyh/lib/python3.8/site-packages/torch/nn/modules/module.py", line 985, in convert\n', 'ERROR 2022-11-22T13:40:06.850072     return t.to(device, dtype if t.is_floating_point() or t.is_complex() else None, non_blocking)\n', 'ERROR 2022-11-22T13:40:06.850072 torch.cuda.OutOfMemoryError: CUDA out of memory. Tried to allocate 20.00 MiB (GPU 0; 9.78 GiB total capacity; 86.71 MiB already allocated; 19.56 MiB free; 92.00 MiB reserved in total by PyTorch) If reserved memory is >> allocated memory try setting max_split_size_mb to avoid fragmentation.  See documentation for Memory Management and PYTORCH_CUDA_ALLOC_CONF\n']}}, 'dropped': 0}}
2022-11-22 21:42:14,496 INFO    SenderThread:55348 [sender.py:transition_state():463] send defer: 6
2022-11-22 21:42:14,496 INFO    SenderThread:55348 [sender.py:finish():1331] shutting down sender
2022-11-22 21:42:14,542 INFO    Thread-17 :55348 [dir_watcher.py:_on_file_modified():292] file/dir modified: /home/rp/DeepLearning/yolov7-main/wandb/run-20221122_213944-8gimc7id/files/config.yaml
2022-11-22 21:42:15,368 INFO    SenderThread:55348 [dir_watcher.py:finish():362] shutting down directory watcher
2022-11-22 21:42:15,543 INFO    Thread-17 :55348 [dir_watcher.py:_on_file_modified():292] file/dir modified: /home/rp/DeepLearning/yolov7-main/wandb/run-20221122_213944-8gimc7id/files/output.log
2022-11-22 21:42:15,544 INFO    SenderThread:55348 [dir_watcher.py:finish():392] scan: /home/rp/DeepLearning/yolov7-main/wandb/run-20221122_213944-8gimc7id/files
2022-11-22 21:42:15,544 INFO    SenderThread:55348 [dir_watcher.py:finish():406] scan save: /home/rp/DeepLearning/yolov7-main/wandb/run-20221122_213944-8gimc7id/files/wandb-summary.json wandb-summary.json
2022-11-22 21:42:15,545 INFO    SenderThread:55348 [dir_watcher.py:finish():406] scan save: /home/rp/DeepLearning/yolov7-main/wandb/run-20221122_213944-8gimc7id/files/config.yaml config.yaml
2022-11-22 21:42:15,545 INFO    SenderThread:55348 [dir_watcher.py:finish():406] scan save: /home/rp/DeepLearning/yolov7-main/wandb/run-20221122_213944-8gimc7id/files/output.log output.log
2022-11-22 21:42:15,545 INFO    SenderThread:55348 [dir_watcher.py:finish():406] scan save: /home/rp/DeepLearning/yolov7-main/wandb/run-20221122_213944-8gimc7id/files/requirements.txt requirements.txt
2022-11-22 21:42:15,546 INFO    SenderThread:55348 [dir_watcher.py:finish():406] scan save: /home/rp/DeepLearning/yolov7-main/wandb/run-20221122_213944-8gimc7id/files/conda-environment.yaml conda-environment.yaml
2022-11-22 21:42:15,546 INFO    SenderThread:55348 [dir_watcher.py:finish():406] scan save: /home/rp/DeepLearning/yolov7-main/wandb/run-20221122_213944-8gimc7id/files/wandb-metadata.json wandb-metadata.json
2022-11-22 21:42:15,546 INFO    SenderThread:55348 [file_pusher.py:finish():168] shutting down file pusher
2022-11-22 21:42:15,557 INFO    SenderThread:55348 [file_pusher.py:join():173] waiting for file pusher
2022-11-22 21:44:28,094 INFO    Thread-21 :55348 [upload_job.py:push():143] Uploaded file /home/rp/DeepLearning/yolov7-main/wandb/run-20221122_213944-8gimc7id/files/wandb-summary.json
2022-11-22 21:44:28,187 INFO    Thread-23 :55348 [upload_job.py:push():143] Uploaded file /home/rp/DeepLearning/yolov7-main/wandb/run-20221122_213944-8gimc7id/files/output.log
2022-11-22 21:44:28,672 INFO    Thread-22 :55348 [upload_job.py:push():143] Uploaded file /home/rp/DeepLearning/yolov7-main/wandb/run-20221122_213944-8gimc7id/files/config.yaml
2022-11-22 21:44:28,683 INFO    Thread-24 :55348 [upload_job.py:push():143] Uploaded file /home/rp/DeepLearning/yolov7-main/wandb/run-20221122_213944-8gimc7id/files/requirements.txt
2022-11-22 21:44:28,690 INFO    Thread-25 :55348 [upload_job.py:push():143] Uploaded file /home/rp/DeepLearning/yolov7-main/wandb/run-20221122_213944-8gimc7id/files/conda-environment.yaml
2022-11-22 21:44:57,413 INFO    Thread-20 :55348 [upload_job.py:push():143] Uploaded file /tmp/tmpnvnvk748wandb/9qwp1i6w-wandb-metadata.json
